2020-06-04 12:28:34,500 WARN  [SoapUI] Missing folder [C:\Manasa\API Testing Training\Project\Maven_Executables\soap-project\ext] for external libraries
2020-06-04 12:28:34,890 INFO  [DefaultSoapUICore] initialized soapui-settings from [C:\Users\MANASANARAYAN\soapui-settings.xml]
2020-06-04 12:28:44,968 INFO  [PluginManager] Adding plugin from [C:\Users\MANASANARAYAN\.soapuios\plugins\ready-mqtt-plugin-dist.jar]
2020-06-04 12:28:44,969 INFO  [PluginManager] Adding plugin from [C:\Users\MANASANARAYAN\.soapuios\plugins\soapui-swagger-plugin-2.2-dist.jar]
2020-06-04 12:28:46,555 ERROR [SoapUI] An error occurred [com.eviware.soapui.plugins.auto.factories.AutoDiscoveryMethodFactory], see error log for details
2020-06-04 12:28:46,562 ERROR [errorlog] java.lang.ClassNotFoundException: com.eviware.soapui.plugins.auto.factories.AutoDiscoveryMethodFactory
java.lang.ClassNotFoundException: com.eviware.soapui.plugins.auto.factories.AutoDiscoveryMethodFactory
	at org.codehaus.plexus.classworlds.strategy.SelfFirstStrategy.loadClass(SelfFirstStrategy.java:50)
	at org.codehaus.plexus.classworlds.realm.ClassRealm.unsynchronizedLoadClass(ClassRealm.java:271)
	at org.codehaus.plexus.classworlds.realm.ClassRealm.loadClass(ClassRealm.java:247)
	at org.codehaus.plexus.classworlds.realm.ClassRealm.loadClass(ClassRealm.java:239)
	at java.lang.Class.forName0(Native Method)
	at java.lang.Class.forName(Class.java:264)
	at com.eviware.soapui.plugins.LoaderBase.loadAutoFactories(LoaderBase.java:113)
	at com.eviware.soapui.plugins.LoaderBase.loadFactories(LoaderBase.java:80)
	at com.eviware.soapui.plugins.PluginLoader.loadPluginFactories(PluginLoader.java:141)
	at com.eviware.soapui.plugins.PluginLoader.loadPlugin(PluginLoader.java:104)
	at com.eviware.soapui.plugins.PluginLoader.loadPlugin(PluginLoader.java:54)
	at com.eviware.soapui.plugins.PluginManager.doInstallPlugin(PluginManager.java:141)
	at com.eviware.soapui.plugins.PluginManager.access$600(PluginManager.java:43)
	at com.eviware.soapui.plugins.PluginManager$LoadPluginsTask.computeSequentially(PluginManager.java:420)
	at com.eviware.soapui.plugins.PluginManager$LoadPluginsTask.compute(PluginManager.java:377)
	at com.eviware.soapui.plugins.PluginManager$LoadPluginsTask.compute(PluginManager.java:382)
	at com.eviware.soapui.plugins.PluginManager$LoadPluginsTask.compute(PluginManager.java:365)
	at java.util.concurrent.RecursiveTask.exec(RecursiveTask.java:94)
	at java.util.concurrent.ForkJoinTask.doExec(ForkJoinTask.java:289)
	at java.util.concurrent.ForkJoinPool$WorkQueue.runTask(ForkJoinPool.java:1056)
	at java.util.concurrent.ForkJoinPool.runWorker(ForkJoinPool.java:1692)
	at java.util.concurrent.ForkJoinWorkerThread.run(ForkJoinWorkerThread.java:157)
2020-06-04 12:28:46,867 ERROR [SoapUI] An error occurred [com.eviware.soapui.plugins.auto.factories.AutoImportMethodFactory], see error log for details
2020-06-04 12:28:46,870 ERROR [errorlog] java.lang.ClassNotFoundException: com.eviware.soapui.plugins.auto.factories.AutoImportMethodFactory
java.lang.ClassNotFoundException: com.eviware.soapui.plugins.auto.factories.AutoImportMethodFactory
	at org.codehaus.plexus.classworlds.strategy.SelfFirstStrategy.loadClass(SelfFirstStrategy.java:50)
	at org.codehaus.plexus.classworlds.realm.ClassRealm.unsynchronizedLoadClass(ClassRealm.java:271)
	at org.codehaus.plexus.classworlds.realm.ClassRealm.loadClass(ClassRealm.java:247)
	at org.codehaus.plexus.classworlds.realm.ClassRealm.loadClass(ClassRealm.java:239)
	at java.lang.Class.forName0(Native Method)
	at java.lang.Class.forName(Class.java:264)
	at com.eviware.soapui.plugins.LoaderBase.loadAutoFactories(LoaderBase.java:113)
	at com.eviware.soapui.plugins.LoaderBase.loadFactories(LoaderBase.java:80)
	at com.eviware.soapui.plugins.PluginLoader.loadPluginFactories(PluginLoader.java:141)
	at com.eviware.soapui.plugins.PluginLoader.loadPlugin(PluginLoader.java:104)
	at com.eviware.soapui.plugins.PluginLoader.loadPlugin(PluginLoader.java:54)
	at com.eviware.soapui.plugins.PluginManager.doInstallPlugin(PluginManager.java:141)
	at com.eviware.soapui.plugins.PluginManager.access$600(PluginManager.java:43)
	at com.eviware.soapui.plugins.PluginManager$LoadPluginsTask.computeSequentially(PluginManager.java:420)
	at com.eviware.soapui.plugins.PluginManager$LoadPluginsTask.compute(PluginManager.java:377)
	at com.eviware.soapui.plugins.PluginManager$LoadPluginsTask.compute(PluginManager.java:382)
	at com.eviware.soapui.plugins.PluginManager$LoadPluginsTask.compute(PluginManager.java:365)
	at java.util.concurrent.RecursiveTask.exec(RecursiveTask.java:94)
	at java.util.concurrent.ForkJoinTask.doExec(ForkJoinTask.java:289)
	at java.util.concurrent.ForkJoinPool$WorkQueue.runTask(ForkJoinPool.java:1056)
	at java.util.concurrent.ForkJoinPool.runWorker(ForkJoinPool.java:1692)
	at java.util.concurrent.ForkJoinWorkerThread.run(ForkJoinWorkerThread.java:157)
2020-06-04 12:28:47,140 INFO  [PluginManager] Adding plugin from [C:\Users\MANASANARAYAN\.soapuios\plugins\ready-uxm-plugin-1.0.1-dist.jar]
2020-06-04 12:28:48,252 ERROR [SoapUI] An error occurred [com.eviware.soapui.plugins.auto.factories.AutoDiscoveryMethodFactory], see error log for details
2020-06-04 12:28:48,254 ERROR [errorlog] java.lang.ClassNotFoundException: com.eviware.soapui.plugins.auto.factories.AutoDiscoveryMethodFactory
java.lang.ClassNotFoundException: com.eviware.soapui.plugins.auto.factories.AutoDiscoveryMethodFactory
	at org.codehaus.plexus.classworlds.strategy.SelfFirstStrategy.loadClass(SelfFirstStrategy.java:50)
	at org.codehaus.plexus.classworlds.realm.ClassRealm.unsynchronizedLoadClass(ClassRealm.java:271)
	at org.codehaus.plexus.classworlds.realm.ClassRealm.loadClass(ClassRealm.java:247)
	at org.codehaus.plexus.classworlds.realm.ClassRealm.loadClass(ClassRealm.java:239)
	at java.lang.Class.forName0(Native Method)
	at java.lang.Class.forName(Class.java:264)
	at com.eviware.soapui.plugins.LoaderBase.loadAutoFactories(LoaderBase.java:113)
	at com.eviware.soapui.plugins.LoaderBase.loadFactories(LoaderBase.java:80)
	at com.eviware.soapui.plugins.PluginLoader.loadPluginFactories(PluginLoader.java:141)
	at com.eviware.soapui.plugins.PluginLoader.loadPlugin(PluginLoader.java:104)
	at com.eviware.soapui.plugins.PluginLoader.loadPlugin(PluginLoader.java:54)
	at com.eviware.soapui.plugins.PluginManager.doInstallPlugin(PluginManager.java:141)
	at com.eviware.soapui.plugins.PluginManager.access$600(PluginManager.java:43)
	at com.eviware.soapui.plugins.PluginManager$LoadPluginsTask.computeSequentially(PluginManager.java:420)
	at com.eviware.soapui.plugins.PluginManager$LoadPluginsTask.compute(PluginManager.java:377)
	at com.eviware.soapui.plugins.PluginManager$LoadPluginsTask.compute(PluginManager.java:382)
	at com.eviware.soapui.plugins.PluginManager$LoadPluginsTask.compute(PluginManager.java:365)
	at java.util.concurrent.RecursiveTask.exec(RecursiveTask.java:94)
	at java.util.concurrent.ForkJoinTask.doExec(ForkJoinTask.java:289)
	at java.util.concurrent.ForkJoinPool$WorkQueue.runTask(ForkJoinPool.java:1056)
	at java.util.concurrent.ForkJoinPool.runWorker(ForkJoinPool.java:1692)
	at java.util.concurrent.ForkJoinWorkerThread.run(ForkJoinWorkerThread.java:157)
2020-06-04 12:28:48,539 ERROR [SoapUI] An error occurred [com.eviware.soapui.plugins.auto.factories.AutoImportMethodFactory], see error log for details
2020-06-04 12:28:48,542 ERROR [errorlog] java.lang.ClassNotFoundException: com.eviware.soapui.plugins.auto.factories.AutoImportMethodFactory
java.lang.ClassNotFoundException: com.eviware.soapui.plugins.auto.factories.AutoImportMethodFactory
	at org.codehaus.plexus.classworlds.strategy.SelfFirstStrategy.loadClass(SelfFirstStrategy.java:50)
	at org.codehaus.plexus.classworlds.realm.ClassRealm.unsynchronizedLoadClass(ClassRealm.java:271)
	at org.codehaus.plexus.classworlds.realm.ClassRealm.loadClass(ClassRealm.java:247)
	at org.codehaus.plexus.classworlds.realm.ClassRealm.loadClass(ClassRealm.java:239)
	at java.lang.Class.forName0(Native Method)
	at java.lang.Class.forName(Class.java:264)
	at com.eviware.soapui.plugins.LoaderBase.loadAutoFactories(LoaderBase.java:113)
	at com.eviware.soapui.plugins.LoaderBase.loadFactories(LoaderBase.java:80)
	at com.eviware.soapui.plugins.PluginLoader.loadPluginFactories(PluginLoader.java:141)
	at com.eviware.soapui.plugins.PluginLoader.loadPlugin(PluginLoader.java:104)
	at com.eviware.soapui.plugins.PluginLoader.loadPlugin(PluginLoader.java:54)
	at com.eviware.soapui.plugins.PluginManager.doInstallPlugin(PluginManager.java:141)
	at com.eviware.soapui.plugins.PluginManager.access$600(PluginManager.java:43)
	at com.eviware.soapui.plugins.PluginManager$LoadPluginsTask.computeSequentially(PluginManager.java:420)
	at com.eviware.soapui.plugins.PluginManager$LoadPluginsTask.compute(PluginManager.java:377)
	at com.eviware.soapui.plugins.PluginManager$LoadPluginsTask.compute(PluginManager.java:382)
	at com.eviware.soapui.plugins.PluginManager$LoadPluginsTask.compute(PluginManager.java:365)
	at java.util.concurrent.RecursiveTask.exec(RecursiveTask.java:94)
	at java.util.concurrent.ForkJoinTask.doExec(ForkJoinTask.java:289)
	at java.util.concurrent.ForkJoinPool$WorkQueue.runTask(ForkJoinPool.java:1056)
	at java.util.concurrent.ForkJoinPool.runWorker(ForkJoinPool.java:1692)
	at java.util.concurrent.ForkJoinWorkerThread.run(ForkJoinWorkerThread.java:157)
2020-06-04 12:28:48,814 INFO  [PluginManager] Adding plugin from [C:\Users\MANASANARAYAN\.soapuios\plugins\readyapi-swaggerhub-plugin-1.0.jar]
2020-06-04 12:28:49,679 ERROR [SoapUI] An error occurred [com.eviware.soapui.plugins.auto.factories.AutoDiscoveryMethodFactory], see error log for details
2020-06-04 12:28:49,682 ERROR [errorlog] java.lang.ClassNotFoundException: com.eviware.soapui.plugins.auto.factories.AutoDiscoveryMethodFactory
java.lang.ClassNotFoundException: com.eviware.soapui.plugins.auto.factories.AutoDiscoveryMethodFactory
	at org.codehaus.plexus.classworlds.strategy.SelfFirstStrategy.loadClass(SelfFirstStrategy.java:50)
	at org.codehaus.plexus.classworlds.realm.ClassRealm.unsynchronizedLoadClass(ClassRealm.java:271)
	at org.codehaus.plexus.classworlds.realm.ClassRealm.loadClass(ClassRealm.java:247)
	at org.codehaus.plexus.classworlds.realm.ClassRealm.loadClass(ClassRealm.java:239)
	at java.lang.Class.forName0(Native Method)
	at java.lang.Class.forName(Class.java:264)
	at com.eviware.soapui.plugins.LoaderBase.loadAutoFactories(LoaderBase.java:113)
	at com.eviware.soapui.plugins.LoaderBase.loadFactories(LoaderBase.java:80)
	at com.eviware.soapui.plugins.PluginLoader.loadPluginFactories(PluginLoader.java:141)
	at com.eviware.soapui.plugins.PluginLoader.loadPlugin(PluginLoader.java:104)
	at com.eviware.soapui.plugins.PluginLoader.loadPlugin(PluginLoader.java:54)
	at com.eviware.soapui.plugins.PluginManager.doInstallPlugin(PluginManager.java:141)
	at com.eviware.soapui.plugins.PluginManager.access$600(PluginManager.java:43)
	at com.eviware.soapui.plugins.PluginManager$LoadPluginsTask.computeSequentially(PluginManager.java:420)
	at com.eviware.soapui.plugins.PluginManager$LoadPluginsTask.compute(PluginManager.java:377)
	at com.eviware.soapui.plugins.PluginManager$LoadPluginsTask.compute(PluginManager.java:365)
	at java.util.concurrent.RecursiveTask.exec(RecursiveTask.java:94)
	at java.util.concurrent.ForkJoinTask.doExec(ForkJoinTask.java:289)
	at java.util.concurrent.ForkJoinPool$WorkQueue.runTask(ForkJoinPool.java:1056)
	at java.util.concurrent.ForkJoinPool.runWorker(ForkJoinPool.java:1692)
	at java.util.concurrent.ForkJoinWorkerThread.run(ForkJoinWorkerThread.java:157)
2020-06-04 12:28:49,888 ERROR [SoapUI] An error occurred [com.eviware.soapui.plugins.auto.factories.AutoImportMethodFactory], see error log for details
2020-06-04 12:28:49,896 ERROR [errorlog] java.lang.ClassNotFoundException: com.eviware.soapui.plugins.auto.factories.AutoImportMethodFactory
java.lang.ClassNotFoundException: com.eviware.soapui.plugins.auto.factories.AutoImportMethodFactory
	at org.codehaus.plexus.classworlds.strategy.SelfFirstStrategy.loadClass(SelfFirstStrategy.java:50)
	at org.codehaus.plexus.classworlds.realm.ClassRealm.unsynchronizedLoadClass(ClassRealm.java:271)
	at org.codehaus.plexus.classworlds.realm.ClassRealm.loadClass(ClassRealm.java:247)
	at org.codehaus.plexus.classworlds.realm.ClassRealm.loadClass(ClassRealm.java:239)
	at java.lang.Class.forName0(Native Method)
	at java.lang.Class.forName(Class.java:264)
	at com.eviware.soapui.plugins.LoaderBase.loadAutoFactories(LoaderBase.java:113)
	at com.eviware.soapui.plugins.LoaderBase.loadFactories(LoaderBase.java:80)
	at com.eviware.soapui.plugins.PluginLoader.loadPluginFactories(PluginLoader.java:141)
	at com.eviware.soapui.plugins.PluginLoader.loadPlugin(PluginLoader.java:104)
	at com.eviware.soapui.plugins.PluginLoader.loadPlugin(PluginLoader.java:54)
	at com.eviware.soapui.plugins.PluginManager.doInstallPlugin(PluginManager.java:141)
	at com.eviware.soapui.plugins.PluginManager.access$600(PluginManager.java:43)
	at com.eviware.soapui.plugins.PluginManager$LoadPluginsTask.computeSequentially(PluginManager.java:420)
	at com.eviware.soapui.plugins.PluginManager$LoadPluginsTask.compute(PluginManager.java:377)
	at com.eviware.soapui.plugins.PluginManager$LoadPluginsTask.compute(PluginManager.java:365)
	at java.util.concurrent.RecursiveTask.exec(RecursiveTask.java:94)
	at java.util.concurrent.ForkJoinTask.doExec(ForkJoinTask.java:289)
	at java.util.concurrent.ForkJoinPool$WorkQueue.runTask(ForkJoinPool.java:1056)
	at java.util.concurrent.ForkJoinPool.runWorker(ForkJoinPool.java:1692)
	at java.util.concurrent.ForkJoinWorkerThread.run(ForkJoinWorkerThread.java:157)
2020-06-04 12:28:50,103 INFO  [PluginManager] Adding plugin from [C:\Users\MANASANARAYAN\.soapuios\plugins\readyapi-postman-1.0.1.jar]
2020-06-04 12:28:50,251 ERROR [SoapUI] An error occurred [com.eviware.soapui.plugins.auto.factories.AutoDiscoveryMethodFactory], see error log for details
2020-06-04 12:28:50,253 ERROR [errorlog] java.lang.ClassNotFoundException: com.eviware.soapui.plugins.auto.factories.AutoDiscoveryMethodFactory
java.lang.ClassNotFoundException: com.eviware.soapui.plugins.auto.factories.AutoDiscoveryMethodFactory
	at org.codehaus.plexus.classworlds.strategy.SelfFirstStrategy.loadClass(SelfFirstStrategy.java:50)
	at org.codehaus.plexus.classworlds.realm.ClassRealm.unsynchronizedLoadClass(ClassRealm.java:271)
	at org.codehaus.plexus.classworlds.realm.ClassRealm.loadClass(ClassRealm.java:247)
	at org.codehaus.plexus.classworlds.realm.ClassRealm.loadClass(ClassRealm.java:239)
	at java.lang.Class.forName0(Native Method)
	at java.lang.Class.forName(Class.java:264)
	at com.eviware.soapui.plugins.LoaderBase.loadAutoFactories(LoaderBase.java:113)
	at com.eviware.soapui.plugins.LoaderBase.loadFactories(LoaderBase.java:80)
	at com.eviware.soapui.plugins.PluginLoader.loadPluginFactories(PluginLoader.java:141)
	at com.eviware.soapui.plugins.PluginLoader.loadPlugin(PluginLoader.java:104)
	at com.eviware.soapui.plugins.PluginLoader.loadPlugin(PluginLoader.java:54)
	at com.eviware.soapui.plugins.PluginManager.doInstallPlugin(PluginManager.java:141)
	at com.eviware.soapui.plugins.PluginManager.access$600(PluginManager.java:43)
	at com.eviware.soapui.plugins.PluginManager$LoadPluginsTask.computeSequentially(PluginManager.java:420)
	at com.eviware.soapui.plugins.PluginManager$LoadPluginsTask.compute(PluginManager.java:377)
	at com.eviware.soapui.plugins.PluginManager$LoadPluginsTask.compute(PluginManager.java:382)
	at com.eviware.soapui.plugins.PluginManager$LoadPluginsTask.compute(PluginManager.java:365)
	at java.util.concurrent.RecursiveTask.exec(RecursiveTask.java:94)
	at java.util.concurrent.ForkJoinTask.doExec(ForkJoinTask.java:289)
	at java.util.concurrent.ForkJoinPool$WorkQueue.runTask(ForkJoinPool.java:1056)
	at java.util.concurrent.ForkJoinPool.runWorker(ForkJoinPool.java:1692)
	at java.util.concurrent.ForkJoinWorkerThread.run(ForkJoinWorkerThread.java:157)
2020-06-04 12:28:50,438 ERROR [SoapUI] An error occurred [com.eviware.soapui.plugins.auto.factories.AutoImportMethodFactory], see error log for details
2020-06-04 12:28:50,445 ERROR [errorlog] java.lang.ClassNotFoundException: com.eviware.soapui.plugins.auto.factories.AutoImportMethodFactory
java.lang.ClassNotFoundException: com.eviware.soapui.plugins.auto.factories.AutoImportMethodFactory
	at org.codehaus.plexus.classworlds.strategy.SelfFirstStrategy.loadClass(SelfFirstStrategy.java:50)
	at org.codehaus.plexus.classworlds.realm.ClassRealm.unsynchronizedLoadClass(ClassRealm.java:271)
	at org.codehaus.plexus.classworlds.realm.ClassRealm.loadClass(ClassRealm.java:247)
	at org.codehaus.plexus.classworlds.realm.ClassRealm.loadClass(ClassRealm.java:239)
	at java.lang.Class.forName0(Native Method)
	at java.lang.Class.forName(Class.java:264)
	at com.eviware.soapui.plugins.LoaderBase.loadAutoFactories(LoaderBase.java:113)
	at com.eviware.soapui.plugins.LoaderBase.loadFactories(LoaderBase.java:80)
	at com.eviware.soapui.plugins.PluginLoader.loadPluginFactories(PluginLoader.java:141)
	at com.eviware.soapui.plugins.PluginLoader.loadPlugin(PluginLoader.java:104)
	at com.eviware.soapui.plugins.PluginLoader.loadPlugin(PluginLoader.java:54)
	at com.eviware.soapui.plugins.PluginManager.doInstallPlugin(PluginManager.java:141)
	at com.eviware.soapui.plugins.PluginManager.access$600(PluginManager.java:43)
	at com.eviware.soapui.plugins.PluginManager$LoadPluginsTask.computeSequentially(PluginManager.java:420)
	at com.eviware.soapui.plugins.PluginManager$LoadPluginsTask.compute(PluginManager.java:377)
	at com.eviware.soapui.plugins.PluginManager$LoadPluginsTask.compute(PluginManager.java:382)
	at com.eviware.soapui.plugins.PluginManager$LoadPluginsTask.compute(PluginManager.java:365)
	at java.util.concurrent.RecursiveTask.exec(RecursiveTask.java:94)
	at java.util.concurrent.ForkJoinTask.doExec(ForkJoinTask.java:289)
	at java.util.concurrent.ForkJoinPool$WorkQueue.runTask(ForkJoinPool.java:1056)
	at java.util.concurrent.ForkJoinPool.runWorker(ForkJoinPool.java:1692)
	at java.util.concurrent.ForkJoinWorkerThread.run(ForkJoinWorkerThread.java:157)
2020-06-04 12:28:51,220 ERROR [SoapUI] An error occurred [com.eviware.soapui.plugins.auto.factories.AutoDiscoveryMethodFactory], see error log for details
2020-06-04 12:28:51,221 ERROR [errorlog] java.lang.ClassNotFoundException: com.eviware.soapui.plugins.auto.factories.AutoDiscoveryMethodFactory
java.lang.ClassNotFoundException: com.eviware.soapui.plugins.auto.factories.AutoDiscoveryMethodFactory
	at org.codehaus.plexus.classworlds.strategy.SelfFirstStrategy.loadClass(SelfFirstStrategy.java:50)
	at org.codehaus.plexus.classworlds.realm.ClassRealm.unsynchronizedLoadClass(ClassRealm.java:271)
	at org.codehaus.plexus.classworlds.realm.ClassRealm.loadClass(ClassRealm.java:247)
	at org.codehaus.plexus.classworlds.realm.ClassRealm.loadClass(ClassRealm.java:239)
	at java.lang.Class.forName0(Native Method)
	at java.lang.Class.forName(Class.java:264)
	at com.eviware.soapui.plugins.LoaderBase.loadAutoFactories(LoaderBase.java:113)
	at com.eviware.soapui.plugins.LoaderBase.loadFactories(LoaderBase.java:80)
	at com.eviware.soapui.plugins.PluginLoader.loadPluginFactories(PluginLoader.java:141)
	at com.eviware.soapui.plugins.PluginLoader.loadPlugin(PluginLoader.java:104)
	at com.eviware.soapui.plugins.PluginLoader.loadPlugin(PluginLoader.java:54)
	at com.eviware.soapui.plugins.PluginManager.doInstallPlugin(PluginManager.java:141)
	at com.eviware.soapui.plugins.PluginManager.access$600(PluginManager.java:43)
	at com.eviware.soapui.plugins.PluginManager$LoadPluginsTask.computeSequentially(PluginManager.java:420)
	at com.eviware.soapui.plugins.PluginManager$LoadPluginsTask.compute(PluginManager.java:377)
	at com.eviware.soapui.plugins.PluginManager$LoadPluginsTask.compute(PluginManager.java:365)
	at java.util.concurrent.RecursiveTask.exec(RecursiveTask.java:94)
	at java.util.concurrent.ForkJoinTask.doExec(ForkJoinTask.java:289)
	at java.util.concurrent.ForkJoinPool$WorkQueue.runTask(ForkJoinPool.java:1056)
	at java.util.concurrent.ForkJoinPool.runWorker(ForkJoinPool.java:1692)
	at java.util.concurrent.ForkJoinWorkerThread.run(ForkJoinWorkerThread.java:157)
2020-06-04 12:28:51,339 ERROR [SoapUI] An error occurred [com.eviware.soapui.plugins.auto.factories.AutoImportMethodFactory], see error log for details
2020-06-04 12:28:51,344 ERROR [errorlog] java.lang.ClassNotFoundException: com.eviware.soapui.plugins.auto.factories.AutoImportMethodFactory
java.lang.ClassNotFoundException: com.eviware.soapui.plugins.auto.factories.AutoImportMethodFactory
	at org.codehaus.plexus.classworlds.strategy.SelfFirstStrategy.loadClass(SelfFirstStrategy.java:50)
	at org.codehaus.plexus.classworlds.realm.ClassRealm.unsynchronizedLoadClass(ClassRealm.java:271)
	at org.codehaus.plexus.classworlds.realm.ClassRealm.loadClass(ClassRealm.java:247)
	at org.codehaus.plexus.classworlds.realm.ClassRealm.loadClass(ClassRealm.java:239)
	at java.lang.Class.forName0(Native Method)
	at java.lang.Class.forName(Class.java:264)
	at com.eviware.soapui.plugins.LoaderBase.loadAutoFactories(LoaderBase.java:113)
	at com.eviware.soapui.plugins.LoaderBase.loadFactories(LoaderBase.java:80)
	at com.eviware.soapui.plugins.PluginLoader.loadPluginFactories(PluginLoader.java:141)
	at com.eviware.soapui.plugins.PluginLoader.loadPlugin(PluginLoader.java:104)
	at com.eviware.soapui.plugins.PluginLoader.loadPlugin(PluginLoader.java:54)
	at com.eviware.soapui.plugins.PluginManager.doInstallPlugin(PluginManager.java:141)
	at com.eviware.soapui.plugins.PluginManager.access$600(PluginManager.java:43)
	at com.eviware.soapui.plugins.PluginManager$LoadPluginsTask.computeSequentially(PluginManager.java:420)
	at com.eviware.soapui.plugins.PluginManager$LoadPluginsTask.compute(PluginManager.java:377)
	at com.eviware.soapui.plugins.PluginManager$LoadPluginsTask.compute(PluginManager.java:365)
	at java.util.concurrent.RecursiveTask.exec(RecursiveTask.java:94)
	at java.util.concurrent.ForkJoinTask.doExec(ForkJoinTask.java:289)
	at java.util.concurrent.ForkJoinPool$WorkQueue.runTask(ForkJoinPool.java:1056)
	at java.util.concurrent.ForkJoinPool.runWorker(ForkJoinPool.java:1692)
	at java.util.concurrent.ForkJoinWorkerThread.run(ForkJoinWorkerThread.java:157)
2020-06-04 12:28:51,462 INFO  [PluginManager] 5 plugins loaded in 6497 ms
2020-06-04 12:28:51,463 INFO  [DefaultSoapUICore] All plugins loaded
2020-06-04 12:28:53,463 INFO  [WsdlProject] Loaded project from [file:/C:/Manasa/API%20Testing%20Training/Project/Maven_Executables/soap-project/WSDL-Project-soapui-project.xml]
2020-06-04 12:28:53,479 INFO  [SoapUITestCaseRunner] Running SoapUI tests in project [WSDL Project]
2020-06-04 12:28:53,484 INFO  [SoapUITestCaseRunner] Running Project [WSDL Project], runType = SEQUENTIAL
2020-06-04 12:28:53,842 INFO  [log] I should be able to fetch the report at the End
2020-06-04 12:28:53,846 INFO  [SoapUITestCaseRunner] Running SoapUI testcase [DataDriven Testing]
2020-06-04 12:28:53,870 INFO  [SoapUITestCaseRunner] running step [DataDriven Testing]
2020-06-04 12:28:54,688 INFO  [log] The total number of rows which contains data are2
2020-06-04 12:28:54,688 INFO  [log] The total number of columns which contains data are3
2020-06-04 12:28:54,854 INFO  [log] I should be able to fetch the report at the End
2020-06-04 12:28:54,854 INFO  [SoapUITestCaseRunner] Running SoapUI testcase [Property_Transfer_Expansion_ScriptAssertion]
2020-06-04 12:28:54,877 INFO  [SoapUITestCaseRunner] running step [Customer_Details]
2020-06-04 12:28:54,971 INFO  [SoapUITestCaseRunner] running step [Customer_Details_Transfer]
2020-06-04 12:28:55,637 INFO  [SoapUITestCaseRunner] running step [Add New Customer]
2020-06-04 12:28:57,849 INFO  [SchemaUtils] Added default schema from file:/C:/Users/MANASANARAYAN/.m2/repository/com/smartbear/soapui/soapui/5.5.0/soapui-5.5.0.jar!/com/eviware/soapui/resources/xsds/xop.xsd with targetNamespace http://www.w3.org/2004/08/xop/include
2020-06-04 12:28:57,921 INFO  [SchemaUtils] Added default schema from file:/C:/Users/MANASANARAYAN/.m2/repository/com/smartbear/soapui/soapui/5.5.0/soapui-5.5.0.jar!/com/eviware/soapui/resources/xsds/XMLSchema.xsd with targetNamespace http://www.w3.org/2001/XMLSchema
2020-06-04 12:28:57,944 INFO  [SchemaUtils] Added default schema from file:/C:/Users/MANASANARAYAN/.m2/repository/com/smartbear/soapui/soapui/5.5.0/soapui-5.5.0.jar!/com/eviware/soapui/resources/xsds/xml.xsd with targetNamespace http://www.w3.org/XML/1998/namespace
2020-06-04 12:28:57,969 INFO  [SchemaUtils] Added default schema from file:/C:/Users/MANASANARAYAN/.m2/repository/com/smartbear/soapui/soapui/5.5.0/soapui-5.5.0.jar!/com/eviware/soapui/resources/xsds/swaref.xsd with targetNamespace http://ws-i.org/profiles/basic/1.1/xsd
2020-06-04 12:28:57,972 INFO  [SchemaUtils] Added default schema from file:/C:/Users/MANASANARAYAN/.m2/repository/com/smartbear/soapui/soapui/5.5.0/soapui-5.5.0.jar!/com/eviware/soapui/resources/xsds/xmime200505.xsd with targetNamespace http://www.w3.org/2005/05/xmlmime
2020-06-04 12:28:57,979 INFO  [SchemaUtils] Added default schema from file:/C:/Users/MANASANARAYAN/.m2/repository/com/smartbear/soapui/soapui/5.5.0/soapui-5.5.0.jar!/com/eviware/soapui/resources/xsds/xmime200411.xsd with targetNamespace http://www.w3.org/2004/11/xmlmime
2020-06-04 12:28:57,985 INFO  [SchemaUtils] Added default schema from file:/C:/Users/MANASANARAYAN/.m2/repository/com/smartbear/soapui/soapui/5.5.0/soapui-5.5.0.jar!/com/eviware/soapui/resources/xsds/soapEnvelope.xsd with targetNamespace http://schemas.xmlsoap.org/soap/envelope/
2020-06-04 12:28:57,989 INFO  [SchemaUtils] Added default schema from file:/C:/Users/MANASANARAYAN/.m2/repository/com/smartbear/soapui/soapui/5.5.0/soapui-5.5.0.jar!/com/eviware/soapui/resources/xsds/soapEncoding.xsd with targetNamespace http://schemas.xmlsoap.org/soap/encoding/
2020-06-04 12:28:57,994 INFO  [SchemaUtils] Added default schema from file:/C:/Users/MANASANARAYAN/.m2/repository/com/smartbear/soapui/soapui/5.5.0/soapui-5.5.0.jar!/com/eviware/soapui/resources/xsds/soapEnvelope12.xsd with targetNamespace http://www.w3.org/2003/05/soap-envelope
2020-06-04 12:28:58,001 INFO  [SchemaUtils] Added default schema from file:/C:/Users/MANASANARAYAN/.m2/repository/com/smartbear/soapui/soapui/5.5.0/soapui-5.5.0.jar!/com/eviware/soapui/resources/xsds/soapEncoding12.xsd with targetNamespace http://www.w3.org/2003/05/soap-encoding
2020-06-04 12:28:58,004 INFO  [SchemaUtils] Loading schema types from [file:/C:/Manasa/API%20Testing%20Training/Project/SOAP%20API%20WSDL%20EndPoints/SOAP%20API%20WSDL%20EndPoints/customerCustomerRepositoryV1.xml]
2020-06-04 12:28:58,005 INFO  [SchemaUtils] Getting schema file:/C:/Manasa/API%20Testing%20Training/Project/SOAP%20API%20WSDL%20EndPoints/SOAP%20API%20WSDL%20EndPoints/customerCustomerRepositoryV1.xml
2020-06-04 12:28:58,811 INFO  [log] 2197
2020-06-04 12:28:58,835 INFO  [SoapUITestCaseRunner] Assertion [SOAP Response] has status VALID
2020-06-04 12:28:58,836 INFO  [SoapUITestCaseRunner] Assertion [Schema Compliance] has status VALID
2020-06-04 12:28:58,887 INFO  [SoapUITestCaseRunner] Assertion [Not SOAP Fault] has status VALID
2020-06-04 12:28:58,904 INFO  [SoapUITestCaseRunner] Assertion [Script Assertion] has status VALID
2020-06-04 12:28:58,936 INFO  [SoapUITestCaseRunner] running step [Customer_IDTransfer]
2020-06-04 12:28:58,953 INFO  [SoapUITestCaseRunner] running step [Get_CustomerList]
2020-06-04 12:29:05,321 INFO  [SoapUITestCaseRunner] Assertion [SOAP Response] has status VALID
2020-06-04 12:29:05,330 INFO  [SoapUITestCaseRunner] Assertion [Schema Compliance] has status VALID
2020-06-04 12:29:05,346 INFO  [SoapUITestCaseRunner] Assertion [Not SOAP Fault] has status VALID
2020-06-04 12:29:05,365 INFO  [SoapUITestCaseRunner] running step [Get Customer by ID Or Delete]
2020-06-04 12:29:05,510 INFO  [log] Customer name is  Manasa
2020-06-04 12:29:05,512 INFO  [log] Display Customer by ID
2020-06-04 12:29:05,515 INFO  [SoapUITestCaseRunner] running step [Get_Customer_ByID]
2020-06-04 12:29:06,264 INFO  [SoapUITestCaseRunner] Assertion [SOAP Response] has status VALID
2020-06-04 12:29:06,265 INFO  [SoapUITestCaseRunner] Assertion [Schema Compliance] has status VALID
2020-06-04 12:29:06,267 INFO  [SoapUITestCaseRunner] Assertion [Not SOAP Fault] has status VALID
2020-06-04 12:29:06,267 INFO  [SoapUITestCaseRunner] Assertion [Script Assertion] has status VALID
2020-06-04 12:29:06,269 INFO  [SoapUITestCaseRunner] running step [Delete_Customer_ByID]
2020-06-04 12:29:07,252 INFO  [SoapUITestCaseRunner] Assertion [SOAP Response] has status VALID
2020-06-04 12:29:07,257 INFO  [SoapUITestCaseRunner] Assertion [Schema Compliance] has status VALID
2020-06-04 12:29:07,264 INFO  [SoapUITestCaseRunner] Assertion [Not SOAP Fault] has status VALID
2020-06-04 12:29:07,406 INFO  [log] /SoapUIResults
2020-06-04 12:29:07,696 INFO  [SoapUITestCaseRunner] Finished running SoapUI testcase [Property_Transfer_Expansion_ScriptAssertion], time taken: 12166ms, status: FINISHED
2020-06-04 12:29:07,704 INFO  [log] Status:  FINISHED, time taken for testCase is: 12166 ms
2020-06-04 12:29:07,709 INFO  [log] number of test steps executed are: 8
2020-06-04 12:29:07,737 INFO  [log] /SoapUIResults
2020-06-04 12:29:07,751 INFO  [SoapUITestCaseRunner] Finished running SoapUI testcase [DataDriven Testing], time taken: 13834ms, status: FINISHED
2020-06-04 12:29:07,761 INFO  [log] I should be able to fetch the report at the End
2020-06-04 12:29:07,762 INFO  [SoapUITestCaseRunner] Running SoapUI testcase [Property_Transfer_Expansion_ScriptAssertion]
2020-06-04 12:29:07,767 INFO  [SoapUITestCaseRunner] running step [Customer_Details]
2020-06-04 12:29:07,768 INFO  [SoapUITestCaseRunner] running step [Customer_Details_Transfer]
2020-06-04 12:29:07,779 INFO  [SoapUITestCaseRunner] running step [Add New Customer]
2020-06-04 12:29:08,579 INFO  [log] 2198
2020-06-04 12:29:08,586 INFO  [SoapUITestCaseRunner] Assertion [SOAP Response] has status VALID
2020-06-04 12:29:08,594 INFO  [SoapUITestCaseRunner] Assertion [Schema Compliance] has status VALID
2020-06-04 12:29:08,597 INFO  [SoapUITestCaseRunner] Assertion [Not SOAP Fault] has status VALID
2020-06-04 12:29:08,602 INFO  [SoapUITestCaseRunner] Assertion [Script Assertion] has status VALID
2020-06-04 12:29:08,609 INFO  [SoapUITestCaseRunner] running step [Customer_IDTransfer]
2020-06-04 12:29:08,616 INFO  [SoapUITestCaseRunner] running step [Get_CustomerList]
2020-06-04 12:29:12,970 INFO  [SoapUITestCaseRunner] Assertion [SOAP Response] has status VALID
2020-06-04 12:29:12,973 INFO  [SoapUITestCaseRunner] Assertion [Schema Compliance] has status VALID
2020-06-04 12:29:12,976 INFO  [SoapUITestCaseRunner] Assertion [Not SOAP Fault] has status VALID
2020-06-04 12:29:12,977 INFO  [SoapUITestCaseRunner] running step [Get Customer by ID Or Delete]
2020-06-04 12:29:12,982 INFO  [log] Customer name is  Manasa
2020-06-04 12:29:12,984 INFO  [log] Display Customer by ID
2020-06-04 12:29:12,995 INFO  [SoapUITestCaseRunner] running step [Get_Customer_ByID]
2020-06-04 12:29:13,676 INFO  [SoapUITestCaseRunner] Assertion [SOAP Response] has status VALID
2020-06-04 12:29:13,678 INFO  [SoapUITestCaseRunner] Assertion [Schema Compliance] has status VALID
2020-06-04 12:29:13,679 INFO  [SoapUITestCaseRunner] Assertion [Not SOAP Fault] has status VALID
2020-06-04 12:29:13,682 INFO  [SoapUITestCaseRunner] Assertion [Script Assertion] has status VALID
2020-06-04 12:29:13,683 INFO  [SoapUITestCaseRunner] running step [Delete_Customer_ByID]
2020-06-04 12:29:14,698 INFO  [SoapUITestCaseRunner] Assertion [SOAP Response] has status VALID
2020-06-04 12:29:14,700 INFO  [SoapUITestCaseRunner] Assertion [Schema Compliance] has status VALID
2020-06-04 12:29:14,706 INFO  [SoapUITestCaseRunner] Assertion [Not SOAP Fault] has status VALID
2020-06-04 12:29:14,709 INFO  [log] /SoapUIResults
2020-06-04 12:29:14,791 INFO  [SoapUITestCaseRunner] Finished running SoapUI testcase [Property_Transfer_Expansion_ScriptAssertion], time taken: 6868ms, status: FINISHED
2020-06-04 12:29:14,824 INFO  [log] I should be able to fetch the report at the End
2020-06-04 12:29:14,825 INFO  [SoapUITestCaseRunner] Running SoapUI testcase [Database]
2020-06-04 12:29:14,847 INFO  [SoapUITestCaseRunner] running step [JDBC Request]
2020-06-04 12:29:15,709 INFO  [SoapUITestCaseRunner] running step [Customer_Details_Transfer]
2020-06-04 12:29:15,733 INFO  [SoapUITestCaseRunner] running step [Customer_Details]
2020-06-04 12:29:15,741 INFO  [SoapUITestCaseRunner] running step [Add Customer Address]
2020-06-04 12:29:16,724 INFO  [log] 2199
2020-06-04 12:29:16,726 INFO  [log] 1692
2020-06-04 12:29:16,731 INFO  [SoapUITestCaseRunner] Assertion [SOAP Response] has status VALID
2020-06-04 12:29:16,732 INFO  [SoapUITestCaseRunner] Assertion [Script Assertion] has status VALID
2020-06-04 12:29:16,734 INFO  [SoapUITestCaseRunner] Assertion [Not SOAP Fault] has status VALID
2020-06-04 12:29:16,735 INFO  [SoapUITestCaseRunner] running step [Get_Customer_ByAddress]
2020-06-04 12:29:17,390 INFO  [SoapUITestCaseRunner] Assertion [SOAP Response] has status VALID
2020-06-04 12:29:17,390 INFO  [SoapUITestCaseRunner] running step [Delete_Customer_ByAddress]
2020-06-04 12:29:18,148 INFO  [SchemaUtils] Loading schema types from [file:/C:/Manasa/API%20Testing%20Training/Project/SOAP%20API%20WSDL%20EndPoints/SOAP%20API%20WSDL%20EndPoints/customerAddressRepositoryV1.xml]
2020-06-04 12:29:18,167 INFO  [SchemaUtils] Getting schema file:/C:/Manasa/API%20Testing%20Training/Project/SOAP%20API%20WSDL%20EndPoints/SOAP%20API%20WSDL%20EndPoints/customerAddressRepositoryV1.xml
2020-06-04 12:29:18,461 INFO  [SoapUITestCaseRunner] Assertion [SOAP Response] has status VALID
2020-06-04 12:29:18,470 INFO  [SoapUITestCaseRunner] Assertion [Schema Compliance] has status VALID
2020-06-04 12:29:18,474 INFO  [SoapUITestCaseRunner] Assertion [Not SOAP Fault] has status VALID
2020-06-04 12:29:18,475 INFO  [SoapUITestCaseRunner] running step [Delete_Customer_ByID]
2020-06-04 12:29:19,530 INFO  [SoapUITestCaseRunner] Assertion [SOAP Response] has status VALID
2020-06-04 12:29:19,537 INFO  [SoapUITestCaseRunner] Assertion [Schema Compliance] has status VALID
2020-06-04 12:29:19,541 INFO  [SoapUITestCaseRunner] Assertion [Not SOAP Fault] has status VALID
2020-06-04 12:29:19,558 INFO  [log] /SoapUIResults
2020-06-04 12:29:19,645 INFO  [SoapUITestCaseRunner] Finished running SoapUI testcase [Database], time taken: 4643ms, status: FINISHED
2020-06-04 12:29:19,667 INFO  [log] I should be able to fetch the report at the End
2020-06-04 12:29:19,667 INFO  [SoapUITestCaseRunner] Running SoapUI testcase [Script to Execute Property Expansion]
2020-06-04 12:29:19,679 INFO  [SoapUITestCaseRunner] running step [Call Property Expansion]
2020-06-04 12:29:19,807 INFO  [log] 661
2020-06-04 12:29:19,846 INFO  [log] Script starts here
2020-06-04 12:29:19,856 INFO  [SoapUITestCaseRunner] Running SoapUI testcase [Property_Assertion_SystemTesting]
2020-06-04 12:29:19,864 INFO  [SoapUITestCaseRunner] running step [Product Repository]
2020-06-04 12:29:19,866 INFO  [SoapUITestCaseRunner] running step [Add Product To Repository]
2020-06-04 12:29:20,987 INFO  [SchemaUtils] Loading schema types from [file:/C:/Manasa/API%20Testing%20Training/Project/SOAP%20API%20WSDL%20EndPoints/SOAP%20API%20WSDL%20EndPoints/catalogProductRepositoryV1.xml]
2020-06-04 12:29:21,008 INFO  [SchemaUtils] Getting schema file:/C:/Manasa/API%20Testing%20Training/Project/SOAP%20API%20WSDL%20EndPoints/SOAP%20API%20WSDL%20EndPoints/catalogProductRepositoryV1.xml
2020-06-04 12:29:21,339 INFO  [log] sku000123
2020-06-04 12:29:21,345 INFO  [SoapUITestCaseRunner] Assertion [SOAP Response] has status VALID
2020-06-04 12:29:21,382 INFO  [SoapUITestCaseRunner] Assertion [Schema Compliance] has status VALID
2020-06-04 12:29:21,391 INFO  [SoapUITestCaseRunner] Assertion [Not SOAP Fault] has status VALID
2020-06-04 12:29:21,393 INFO  [SoapUITestCaseRunner] Assertion [Script Assertion] has status VALID
2020-06-04 12:29:21,395 INFO  [SoapUITestCaseRunner] running step [Get Product List]
2020-06-04 12:29:22,467 INFO  [SoapUITestCaseRunner] Assertion [SOAP Response] has status VALID
2020-06-04 12:29:22,504 INFO  [SoapUITestCaseRunner] Assertion [Schema Compliance] has status VALID
2020-06-04 12:29:22,506 INFO  [SoapUITestCaseRunner] Assertion [Not SOAP Fault] has status VALID
2020-06-04 12:29:22,510 INFO  [SoapUITestCaseRunner] running step [Get Product List By SKU]
2020-06-04 12:29:23,312 INFO  [SoapUITestCaseRunner] Assertion [SOAP Response] has status VALID
2020-06-04 12:29:23,313 INFO  [SoapUITestCaseRunner] Assertion [Schema Compliance] has status VALID
2020-06-04 12:29:23,313 INFO  [SoapUITestCaseRunner] Assertion [Not SOAP Fault] has status VALID
2020-06-04 12:29:23,315 INFO  [SoapUITestCaseRunner] running step [Delete Product By SKU]
2020-06-04 12:29:24,265 INFO  [SoapUITestCaseRunner] Assertion [SOAP Response] has status VALID
2020-06-04 12:29:24,265 INFO  [SoapUITestCaseRunner] Assertion [Schema Compliance] has status VALID
2020-06-04 12:29:24,266 INFO  [SoapUITestCaseRunner] Assertion [Not SOAP Fault] has status VALID
2020-06-04 12:29:24,267 INFO  [SoapUITestCaseRunner] running step [Get Product Type List]
2020-06-04 12:29:24,991 INFO  [SchemaUtils] Loading schema types from [file:/C:/Manasa/API%20Testing%20Training/Project/SOAP%20API%20WSDL%20EndPoints/SOAP%20API%20WSDL%20EndPoints/catalogProductTypeListV1.xml]
2020-06-04 12:29:25,009 INFO  [SchemaUtils] Getting schema file:/C:/Manasa/API%20Testing%20Training/Project/SOAP%20API%20WSDL%20EndPoints/SOAP%20API%20WSDL%20EndPoints/catalogProductTypeListV1.xml
2020-06-04 12:29:25,166 INFO  [SoapUITestCaseRunner] Assertion [SOAP Response] has status VALID
2020-06-04 12:29:25,170 INFO  [SoapUITestCaseRunner] Assertion [Schema Compliance] has status VALID
2020-06-04 12:29:25,174 INFO  [SoapUITestCaseRunner] Assertion [Not SOAP Fault] has status VALID
2020-06-04 12:29:25,181 INFO  [SoapUITestCaseRunner] Assertion [Contains] has status VALID
2020-06-04 12:29:25,208 INFO  [log] /SoapUIResults
2020-06-04 12:29:25,285 INFO  [SoapUITestCaseRunner] Finished running SoapUI testcase [Property_Assertion_SystemTesting], time taken: 5193ms, status: FINISHED
2020-06-04 12:29:25,292 INFO  [log] The Result is FINISHED
2020-06-04 12:29:25,294 INFO  [log] Status: FINISHED,time taken for the testcase is: 5193 is
2020-06-04 12:29:25,295 INFO  [log] number of test steps executed are : 6
2020-06-04 12:29:25,296 INFO  [log] false
2020-06-04 12:29:25,316 INFO  [log] /SoapUIResults
2020-06-04 12:29:25,328 INFO  [SoapUITestCaseRunner] Finished running SoapUI testcase [Script to Execute Property Expansion], time taken: 5617ms, status: FINISHED
2020-06-04 12:29:25,335 INFO  [log] Script starts here
2020-06-04 12:29:25,336 INFO  [SoapUITestCaseRunner] Running SoapUI testcase [Property_Assertion_SystemTesting]
2020-06-04 12:29:25,340 INFO  [SoapUITestCaseRunner] running step [Product Repository]
2020-06-04 12:29:25,344 INFO  [SoapUITestCaseRunner] running step [Add Product To Repository]
2020-06-04 12:29:26,299 INFO  [log] sku000123
2020-06-04 12:29:26,305 INFO  [SoapUITestCaseRunner] Assertion [SOAP Response] has status VALID
2020-06-04 12:29:26,307 INFO  [SoapUITestCaseRunner] Assertion [Schema Compliance] has status VALID
2020-06-04 12:29:26,308 INFO  [SoapUITestCaseRunner] Assertion [Not SOAP Fault] has status VALID
2020-06-04 12:29:26,308 INFO  [SoapUITestCaseRunner] Assertion [Script Assertion] has status VALID
2020-06-04 12:29:26,310 INFO  [SoapUITestCaseRunner] running step [Get Product List]
2020-06-04 12:29:27,291 INFO  [SoapUITestCaseRunner] Assertion [SOAP Response] has status VALID
2020-06-04 12:29:27,310 INFO  [SoapUITestCaseRunner] Assertion [Schema Compliance] has status VALID
2020-06-04 12:29:27,311 INFO  [SoapUITestCaseRunner] Assertion [Not SOAP Fault] has status VALID
2020-06-04 12:29:27,317 INFO  [SoapUITestCaseRunner] running step [Get Product List By SKU]
2020-06-04 12:29:28,122 INFO  [SoapUITestCaseRunner] Assertion [SOAP Response] has status VALID
2020-06-04 12:29:28,125 INFO  [SoapUITestCaseRunner] Assertion [Schema Compliance] has status VALID
2020-06-04 12:29:28,127 INFO  [SoapUITestCaseRunner] Assertion [Not SOAP Fault] has status VALID
2020-06-04 12:29:28,131 INFO  [SoapUITestCaseRunner] running step [Delete Product By SKU]
2020-06-04 12:29:29,054 INFO  [SoapUITestCaseRunner] Assertion [SOAP Response] has status VALID
2020-06-04 12:29:29,056 INFO  [SoapUITestCaseRunner] Assertion [Schema Compliance] has status VALID
2020-06-04 12:29:29,056 INFO  [SoapUITestCaseRunner] Assertion [Not SOAP Fault] has status VALID
2020-06-04 12:29:29,056 INFO  [SoapUITestCaseRunner] running step [Get Product Type List]
2020-06-04 12:29:29,666 INFO  [SoapUITestCaseRunner] Assertion [SOAP Response] has status VALID
2020-06-04 12:29:29,669 INFO  [SoapUITestCaseRunner] Assertion [Schema Compliance] has status VALID
2020-06-04 12:29:29,671 INFO  [SoapUITestCaseRunner] Assertion [Not SOAP Fault] has status VALID
2020-06-04 12:29:29,675 INFO  [SoapUITestCaseRunner] Assertion [Contains] has status VALID
2020-06-04 12:29:29,677 INFO  [log] /SoapUIResults
2020-06-04 12:29:29,726 INFO  [SoapUITestCaseRunner] Finished running SoapUI testcase [Property_Assertion_SystemTesting], time taken: 4268ms, status: FINISHED
2020-06-04 12:29:29,791 INFO  [log]  Script starts here
2020-06-04 12:29:29,791 INFO  [SoapUITestCaseRunner] Running SoapUI testcase [Functional Testing]
2020-06-04 12:29:29,804 INFO  [SoapUITestCaseRunner] running step [Sales Repository]
2020-06-04 12:29:29,807 INFO  [SoapUITestCaseRunner] running step [Create Sales Order]
2020-06-04 12:29:30,888 INFO  [log] 832
2020-06-04 12:29:30,892 INFO  [SoapUITestCaseRunner] Assertion [SOAP Response] has status VALID
2020-06-04 12:29:30,954 INFO  [SoapUITestCaseRunner] Assertion [Not SOAP Fault] has status VALID
2020-06-04 12:29:30,988 INFO  [SoapUITestCaseRunner] Assertion [Script Assertion] has status VALID
2020-06-04 12:29:31,015 INFO  [SoapUITestCaseRunner] running step [Get All Sales Orders]
2020-06-04 12:29:47,621 INFO  [SoapUITestCaseRunner] Assertion [SOAP Response] has status VALID
2020-06-04 12:29:47,622 INFO  [SoapUITestCaseRunner] Assertion [Not SOAP Fault] has status VALID
2020-06-04 12:29:47,627 INFO  [SoapUITestCaseRunner] running step [Get Sales Order By ID]
2020-06-04 12:29:48,477 INFO  [SoapUITestCaseRunner] Assertion [SOAP Response] has status VALID
2020-06-04 12:29:48,477 INFO  [SoapUITestCaseRunner] Assertion [Not SOAP Fault] has status VALID
2020-06-04 12:29:48,492 INFO  [log] /SoapUIResults
2020-06-04 12:29:48,561 INFO  [SoapUITestCaseRunner] Finished running SoapUI testcase [Functional Testing], time taken: 18516ms, status: FINISHED
2020-06-04 12:29:48,568 INFO  [SoapUITestCaseRunner] Project [WSDL Project] finished with status [FINISHED] in 55073ms
2020-06-04 12:30:02,321 WARN  [Tools] Could not delete temporary directory C:\Users\MANASA~1\AppData\Local\Temp\62b5a74f-ebb5-4ceb-a434-ececdc68a550
2020-06-04 12:30:02,327 WARN  [Tools] Could not delete temporary directory C:\Users\MANASA~1\AppData\Local\Temp\c242a835-e87e-46f9-913d-7ca88911945a
